🔐 Iniciando Hardening...
📦 Atualizando sistema...

WARNING: apt does not have a stable CLI interface. Use with caution in scripts.

Reading package lists...
Building dependency tree...
Reading state information...
Calculating upgrade...
Get more security updates through Ubuntu Pro with 'esm-apps' enabled:
  libwireshark-data libqt5core5a qt5-gtk-platformtheme libwsutil13
  libqt5network5 libqt5dbus5 libqt5widgets5 libwiretap12 wireshark-qt
  libwireshark15 libqt5gui5 libqt5printsupport5 wireshark-common wireshark
Learn more about Ubuntu Pro at https://ubuntu.com/pro
0 upgraded, 0 newly installed, 0 to remove and 0 not upgraded.
🔥 Instalando UFW...

WARNING: apt does not have a stable CLI interface. Use with caution in scripts.

Reading package lists...
Building dependency tree...
Reading state information...
ufw is already the newest version (0.36.1-4ubuntu0.1).
0 upgraded, 0 newly installed, 0 to remove and 0 not upgraded.
🛡️ Configurando firewall...
🔑 Protegendo SSH...
🚫 Instalando Fail2Ban...

WARNING: apt does not have a stable CLI interface. Use with caution in scripts.

Reading package lists...
Building dependency tree...
Reading state information...
fail2ban is already the newest version (0.11.2-6).
0 upgraded, 0 newly installed, 0 to remove and 0 not upgraded.
🔒 Ajustando permissões...
✅ Hardening concluído com sucesso!
